  dijkstra.cpp
  readMatrix.cpp
C:\Users\qiujialiang\Desktop\网络实验\Project1\Project1\readMatrix.cpp(11,13): warning C4244: “初始化”: 从“double”转换到“size_t”，可能丢失数据
C:\Users\qiujialiang\Desktop\网络实验\Project1\Project1\readMatrix.cpp(12,13): warning C4244: “初始化”: 从“double”转换到“size_t”，可能丢失数据
  正在生成代码...
MtoCResizeArray.obj : error LNK2005: mexFunction 已经在 dijkstra.obj 中定义
readMatrix.obj : error LNK2005: "void __cdecl mexFunction(int,struct mxArray_tag * * const,int,struct mxArray_tag * * const)" (?mexFunction@@YAXHQEAPEAUmxArray_tag@@H0@Z) 已经在 readStruct.obj 中定义
dijkstra.obj : error LNK2019: 无法解析的外部符号 mxGetScalar_800，函数 mexFunction 中引用了该符号
readStruct.obj : error LNK2001: 无法解析的外部符号 mxGetScalar_800
readMatrix.obj : error LNK2001: 无法解析的外部符号 mxGetScalar_800
dijkstra.obj : error LNK2019: 无法解析的外部符号 mxGetPr_800，函数 mexFunction 中引用了该符号
readStruct.obj : error LNK2001: 无法解析的外部符号 mxGetPr_800
MtoCResizeArray.obj : error LNK2001: 无法解析的外部符号 mxGetPr_800
readMatrix.obj : error LNK2001: 无法解析的外部符号 mxGetPr_800
dijkstra.obj : error LNK2019: 无法解析的外部符号 mxCreateDoubleMatrix_800，函数 mexFunction 中引用了该符号
MtoCResizeArray.obj : error LNK2001: 无法解析的外部符号 mxCreateDoubleMatrix_800
readMatrix.obj : error LNK2001: 无法解析的外部符号 mxCreateDoubleMatrix_800
readStruct.obj : error LNK2019: 无法解析的外部符号 mxGetM_800，函数 "void __cdecl mexFunction(int,struct mxArray_tag * * const,int,struct mxArray_tag * * const)" (?mexFunction@@YAXHQEAPEAUmxArray_tag@@H0@Z) 中引用了该符号
MtoCResizeArray.obj : error LNK2001: 无法解析的外部符号 mxGetM_800
readMatrix.obj : error LNK2001: 无法解析的外部符号 mxGetM_800
readStruct.obj : error LNK2019: 无法解析的外部符号 mxIsStruct_800，函数 "void __cdecl mexFunction(int,struct mxArray_tag * * const,int,struct mxArray_tag * * const)" (?mexFunction@@YAXHQEAPEAUmxArray_tag@@H0@Z) 中引用了该符号
readStruct.obj : error LNK2019: 无法解析的外部符号 mxGetN_800，函数 "void __cdecl mexFunction(int,struct mxArray_tag * * const,int,struct mxArray_tag * * const)" (?mexFunction@@YAXHQEAPEAUmxArray_tag@@H0@Z) 中引用了该符号
MtoCResizeArray.obj : error LNK2001: 无法解析的外部符号 mxGetN_800
readMatrix.obj : error LNK2001: 无法解析的外部符号 mxGetN_800
readStruct.obj : error LNK2019: 无法解析的外部符号 mxGetField_800，函数 "void __cdecl mexFunction(int,struct mxArray_tag * * const,int,struct mxArray_tag * * const)" (?mexFunction@@YAXHQEAPEAUmxArray_tag@@H0@Z) 中引用了该符号
readStruct.obj : error LNK2019: 无法解析的外部符号 mxArrayToString_800，函数 "void __cdecl mexFunction(int,struct mxArray_tag * * const,int,struct mxArray_tag * * const)" (?mexFunction@@YAXHQEAPEAUmxArray_tag@@H0@Z) 中引用了该符号
readStruct.obj : error LNK2019: 无法解析的外部符号 mexPrintf_800，函数 "void __cdecl mexFunction(int,struct mxArray_tag * * const,int,struct mxArray_tag * * const)" (?mexFunction@@YAXHQEAPEAUmxArray_tag@@H0@Z) 中引用了该符号
MtoCResizeArray.obj : error LNK2001: 无法解析的外部符号 mexPrintf_800
readMatrix.obj : error LNK2001: 无法解析的外部符号 mexPrintf_800
MtoCResizeArray.obj : error LNK2019: 无法解析的外部符号 mexErrMsgTxt_800，函数 mexFunction 中引用了该符号
MSVCRTD.lib(exe_main.obj) : error LNK2019: 无法解析的外部符号 main，函数 "int __cdecl invoke_main(void)" (?invoke_main@@YAHXZ) 中引用了该符号
C:\Users\qiujialiang\Desktop\网络实验\Project1\x64\Debug\Project1.exe : fatal error LNK1120: 11 个无法解析的外部命令
